Building DAG of jobs...
Using shell: /bin/bash
Provided cores: 1 (use --cores to define parallelism)
Rules claiming more threads will be scaled down.
Job stats:
job              count    min threads    max threads
-------------  -------  -------------  -------------
all                  1              1              1
clonalframeml        2              1              1
iqtree               1              1              1
total                4              1              1

Select jobs to execute...

[Wed Nov 17 11:50:55 2021]
rule iqtree:
    input: /home/conrad/test-snakemake/snippy-core/12.no_ref_without_outgroups.clean.full.aln
    output: /home/conrad/test-snakemake/iqtree/12.no_ref_without_outgroups.contree
    jobid: 10
    wildcards: output=/home/conrad/test-snakemake/, st=12, remove_seqs_flag_no_dot=no_ref_without_outgroups
    resources: tmpdir=/tmp

iqtree -s /home/conrad/test-snakemake/snippy-core/12.no_ref_without_outgroups.clean.full.aln -m MFP -bb 10000 -nt AUTO -pre /home/conrad/test-snakemake/iqtree/12.no_ref_without_outgroups
[Wed Nov 17 11:51:20 2021]
Finished job 10.
1 of 4 steps (25%) done
Select jobs to execute...

[Wed Nov 17 11:51:20 2021]
rule clonalframeml:
    input: /home/conrad/test-snakemake/iqtree/12.no_ref_with_outgroups.contree, /home/conrad/test-snakemake/snippy-core/12.no_ref_with_outgroups.clean.full.aln
    output: /home/conrad/test-snakemake/cfml/12.no_ref_with_outgroups.labelled_tree.newick
    jobid: 11
    wildcards: output=/home/conrad/test-snakemake/, st=12, remove_seqs_flag_no_dot=no_ref_with_outgroups
    resources: tmpdir=/tmp

ClonalFrameML /home/conrad/test-snakemake/iqtree/12.no_ref_with_outgroups.contree /home/conrad/test-snakemake/snippy-core/12.no_ref_with_outgroups.clean.full.aln /home/conrad/test-snakemake/cfml/12.no_ref_with_outgroups -em true -show_progress true
Terminating processes on user request, this might take some time.
[Wed Nov 17 11:51:38 2021]
Error in rule clonalframeml:
    jobid: 11
    output: /home/conrad/test-snakemake/cfml/12.no_ref_with_outgroups.labelled_tree.newick
    shell:
        ClonalFrameML /home/conrad/test-snakemake/iqtree/12.no_ref_with_outgroups.contree /home/conrad/test-snakemake/snippy-core/12.no_ref_with_outgroups.clean.full.aln /home/conrad/test-snakemake/cfml/12.no_ref_with_outgroups -em true -show_progress true
        (one of the commands exited with non-zero exit code; note that snakemake uses bash strict mode!)

Complete log: /home/conrad/test-snakemake/.snakemake/log/2021-11-17T115055.019590.snakemake.log
