Building DAG of jobs...
File path /home/conrad/test-snakemake//snippy-core/12.full.aln contains double '/'. This is likely unintended. It can also lead to inconsistent results of the file-matching approach used by Snakemake.
File path /home/conrad/test-snakemake//snippy-core/12.full.aln contains double '/'. This is likely unintended. It can also lead to inconsistent results of the file-matching approach used by Snakemake.
Using shell: /bin/bash
Provided cores: 1 (use --cores to define parallelism)
Rules claiming more threads will be scaled down.
Job stats:
job                count    min threads    max threads
---------------  -------  -------------  -------------
run_snippy_core        1              1              1
snippy                 5              1              1
snippy_core            1              1              1
total                  7              1              1

Select jobs to execute...

[Sun Nov 14 11:36:15 2021]
rule snippy:
    input: /home/conrad/test-snakemake/fastq-files/A013-H12-09-07-2003_1.fastq.gz, /home/conrad/test-snakemake/fastq-files/A013-H12-09-07-2003_2.fastq.gz
    output: /home/conrad/test-snakemake/raw-snippy-output/A013-H12-09-07-2003
    jobid: 5
    wildcards: output=/home/conrad/test-snakemake, sample=A013-H12-09-07-2003
    resources: tmpdir=/tmp

snippy --R1 /home/conrad/test-snakemake/fastq-files/A013-H12-09-07-2003_1.fastq.gz --R2 /home/conrad/test-snakemake/fastq-files/A013-H12-09-07-2003_2.fastq.gz --ref /home/conrad/test-snakemake/st12_ref.fna --outdir /home/conrad/test-snakemake/raw-snippy-output/A013-H12-09-07-2003 --cpus 8 --minfrac 0.9
[Sun Nov 14 11:36:51 2021]
Finished job 5.
1 of 7 steps (14%) done
Select jobs to execute...

[Sun Nov 14 11:36:51 2021]
rule snippy:
    input: /home/conrad/test-snakemake/fastq-files/A077-H202-25-05-2009_1.fastq.gz, /home/conrad/test-snakemake/fastq-files/A077-H202-25-05-2009_2.fastq.gz
    output: /home/conrad/test-snakemake/raw-snippy-output/A077-H202-25-05-2009
    jobid: 6
    wildcards: output=/home/conrad/test-snakemake, sample=A077-H202-25-05-2009
    resources: tmpdir=/tmp

snippy --R1 /home/conrad/test-snakemake/fastq-files/A077-H202-25-05-2009_1.fastq.gz --R2 /home/conrad/test-snakemake/fastq-files/A077-H202-25-05-2009_2.fastq.gz --ref /home/conrad/test-snakemake/st12_ref.fna --outdir /home/conrad/test-snakemake/raw-snippy-output/A077-H202-25-05-2009 --cpus 8 --minfrac 0.9
[Sun Nov 14 11:37:18 2021]
Finished job 6.
2 of 7 steps (29%) done
Select jobs to execute...

[Sun Nov 14 11:37:18 2021]
rule snippy:
    input: /home/conrad/test-snakemake/fastq-files/A077-H138-28-05-2009_1.fastq.gz, /home/conrad/test-snakemake/fastq-files/A077-H138-28-05-2009_2.fastq.gz
    output: /home/conrad/test-snakemake/raw-snippy-output/A077-H138-28-05-2009
    jobid: 3
    wildcards: output=/home/conrad/test-snakemake, sample=A077-H138-28-05-2009
    resources: tmpdir=/tmp

snippy --R1 /home/conrad/test-snakemake/fastq-files/A077-H138-28-05-2009_1.fastq.gz --R2 /home/conrad/test-snakemake/fastq-files/A077-H138-28-05-2009_2.fastq.gz --ref /home/conrad/test-snakemake/st12_ref.fna --outdir /home/conrad/test-snakemake/raw-snippy-output/A077-H138-28-05-2009 --cpus 8 --minfrac 0.9
[Sun Nov 14 11:37:43 2021]
Finished job 3.
3 of 7 steps (43%) done
Select jobs to execute...

[Sun Nov 14 11:37:43 2021]
rule snippy:
    input: /home/conrad/test-snakemake/fastq-files/A077-H36-15-04-2009_1.fastq.gz, /home/conrad/test-snakemake/fastq-files/A077-H36-15-04-2009_2.fastq.gz
    output: /home/conrad/test-snakemake/raw-snippy-output/A077-H36-15-04-2009
    jobid: 2
    wildcards: output=/home/conrad/test-snakemake, sample=A077-H36-15-04-2009
    resources: tmpdir=/tmp

snippy --R1 /home/conrad/test-snakemake/fastq-files/A077-H36-15-04-2009_1.fastq.gz --R2 /home/conrad/test-snakemake/fastq-files/A077-H36-15-04-2009_2.fastq.gz --ref /home/conrad/test-snakemake/st12_ref.fna --outdir /home/conrad/test-snakemake/raw-snippy-output/A077-H36-15-04-2009 --cpus 8 --minfrac 0.9
[Sun Nov 14 11:38:06 2021]
Finished job 2.
4 of 7 steps (57%) done
Select jobs to execute...

[Sun Nov 14 11:38:06 2021]
rule snippy:
    input: /home/conrad/test-snakemake/fastq-files/A077-H201-11-05-2009_1.fastq.gz, /home/conrad/test-snakemake/fastq-files/A077-H201-11-05-2009_2.fastq.gz
    output: /home/conrad/test-snakemake/raw-snippy-output/A077-H201-11-05-2009
    jobid: 4
    wildcards: output=/home/conrad/test-snakemake, sample=A077-H201-11-05-2009
    resources: tmpdir=/tmp

snippy --R1 /home/conrad/test-snakemake/fastq-files/A077-H201-11-05-2009_1.fastq.gz --R2 /home/conrad/test-snakemake/fastq-files/A077-H201-11-05-2009_2.fastq.gz --ref /home/conrad/test-snakemake/st12_ref.fna --outdir /home/conrad/test-snakemake/raw-snippy-output/A077-H201-11-05-2009 --cpus 8 --minfrac 0.9
[Sun Nov 14 11:38:30 2021]
Finished job 4.
5 of 7 steps (71%) done
Select jobs to execute...

[Sun Nov 14 11:38:30 2021]
rule snippy_core:
    input: /home/conrad/test-snakemake/raw-snippy-output/A077-H36-15-04-2009, /home/conrad/test-snakemake/raw-snippy-output/A077-H138-28-05-2009, /home/conrad/test-snakemake/raw-snippy-output/A077-H201-11-05-2009, /home/conrad/test-snakemake/raw-snippy-output/A013-H12-09-07-2003, /home/conrad/test-snakemake/raw-snippy-output/A077-H202-25-05-2009
    output: /home/conrad/test-snakemake//snippy-core/12.full.aln
    jobid: 1
    wildcards: output=/home/conrad/test-snakemake/, st=12
    resources: tmpdir=/tmp

snippy-core --prefix /home/conrad/test-snakemake//snippy-core/12 --ref /home/conrad/test-snakemake/st12_ref.fna /home/conrad/test-snakemake/raw-snippy-output/A077-H36-15-04-2009 /home/conrad/test-snakemake/raw-snippy-output/A077-H138-28-05-2009 /home/conrad/test-snakemake/raw-snippy-output/A077-H201-11-05-2009 /home/conrad/test-snakemake/raw-snippy-output/A013-H12-09-07-2003 /home/conrad/test-snakemake/raw-snippy-output/A077-H202-25-05-2009
[Sun Nov 14 11:38:31 2021]
Finished job 1.
6 of 7 steps (86%) done
Select jobs to execute...

[Sun Nov 14 11:38:31 2021]
localrule run_snippy_core:
    input: /home/conrad/test-snakemake//snippy-core/12.full.aln
    jobid: 0
    resources: tmpdir=/tmp

[Sun Nov 14 11:38:31 2021]
Finished job 0.
7 of 7 steps (100%) done
Complete log: /home/conrad/test-snakemake/.snakemake/log/2021-11-14T113614.693188.snakemake.log
