Building DAG of jobs...
Using shell: /bin/bash
Provided cores: 1 (use --cores to define parallelism)
Rules claiming more threads will be scaled down.
Job stats:
job            count    min threads    max threads
-----------  -------  -------------  -------------
all                1              1              1
remove_seqs        1              1              1
total              2              1              1

Select jobs to execute...

[Mon Nov 15 10:19:05 2021]
rule remove_seqs:
    input: /home/conrad/test-snakemake/snippy-core/12.clean.full.aln
    output: /home/conrad/test-snakemake/snippy-core/12.no_ref_with_outgroups.clean.full.aln, /home/conrad/test-snakemake/snippy-core/12.no_ref_without_outgroups.clean.full.aln
    jobid: 8
    resources: tmpdir=/tmp

/home/conrad/anaconda3/envs/i18_snp_pipeline_env_testing/bin/python3.7 /home/conrad/test-snakemake/.snakemake/scripts/tmpjln1p8oj.remove_seqs_function.py
[Mon Nov 15 10:19:06 2021]
Finished job 8.
1 of 2 steps (50%) done
Select jobs to execute...

[Mon Nov 15 10:19:06 2021]
localrule all:
    input: /home/conrad/test-snakemake/raw-snippy-output/A077-H36-15-04-2009, /home/conrad/test-snakemake/raw-snippy-output/A077-H138-28-05-2009, /home/conrad/test-snakemake/raw-snippy-output/A077-H201-11-05-2009, /home/conrad/test-snakemake/raw-snippy-output/A013-H12-09-07-2003, /home/conrad/test-snakemake/raw-snippy-output/A077-H202-25-05-2009, /home/conrad/test-snakemake/snippy-core/12.full.aln, /home/conrad/test-snakemake/snippy-core/12.clean.full.aln, /home/conrad/test-snakemake/snippy-core/12.no_ref_with_outgroups.clean.full.aln, /home/conrad/test-snakemake/snippy-core/12.no_ref_without_outgroups.clean.full.aln
    jobid: 0
    resources: tmpdir=/tmp

[Mon Nov 15 10:19:06 2021]
Finished job 0.
2 of 2 steps (100%) done
Complete log: /home/conrad/test-snakemake/.snakemake/log/2021-11-15T101905.630633.snakemake.log
