Building DAG of jobs...
Using shell: /bin/bash
Provided cores: 1 (use --cores to define parallelism)
Rules claiming more threads will be scaled down.
Job stats:
job            count    min threads    max threads
-----------  -------  -------------  -------------
snippy             1              1              1
snippy_core        1              1              1
total              2              1              1

Select jobs to execute...

[Sat Nov 13 22:27:19 2021]
rule snippy_core:
    input: /home/conrad/test-snakemake/raw-snippy-output/A077-H36-15-04-2009, /home/conrad/test-snakemake/raw-snippy-output/A077-H138-28-05-2009, /home/conrad/test-snakemake/raw-snippy-output/A077-H201-11-05-2009
    output: /home/conrad/test-snakemake/snippy-core12.full.aln
    jobid: 4
    resources: tmpdir=/tmp

snippy-core --prefix /home/conrad/test-snakemake/snippy-core/12 --ref /home/conrad/test-snakemake/st12_ref.fna /home/conrad/test-snakemake/raw-snippy-output/A077-H36-15-04-2009 /home/conrad/test-snakemake/raw-snippy-output/A077-H138-28-05-2009 /home/conrad/test-snakemake/raw-snippy-output/A077-H201-11-05-2009
[Sat Nov 13 22:27:19 2021]
Error in rule snippy_core:
    jobid: 4
    output: /home/conrad/test-snakemake/snippy-core12.full.aln
    shell:
        snippy-core --prefix /home/conrad/test-snakemake/snippy-core/12 --ref /home/conrad/test-snakemake/st12_ref.fna /home/conrad/test-snakemake/raw-snippy-output/A077-H36-15-04-2009 /home/conrad/test-snakemake/raw-snippy-output/A077-H138-28-05-2009 /home/conrad/test-snakemake/raw-snippy-output/A077-H201-11-05-2009
        (one of the commands exited with non-zero exit code; note that snakemake uses bash strict mode!)

Shutting down, this might take some time.
Exiting because a job execution failed. Look above for error message
Complete log: /home/conrad/test-snakemake/.snakemake/log/2021-11-13T222719.190789.snakemake.log
