Building DAG of jobs...
Using shell: /bin/bash
Provided cores: 1 (use --cores to define parallelism)
Rules claiming more threads will be scaled down.
Job stats:
job      count    min threads    max threads
-----  -------  -------------  -------------
test         1              1              1
total        1              1              1

Select jobs to execute...

[Fri Nov 12 11:16:17 2021]
rule test:
    input: /home/conrad/test-snakemake/fastq-files
    jobid: 0
    resources: tmpdir=/tmp

echo /home/conrad/test-snakemake/fastq-files
[Fri Nov 12 11:16:17 2021]
Finished job 0.
1 of 1 steps (100%) done
Complete log: /home/conrad/test-snakemake/.snakemake/log/2021-11-12T111617.645115.snakemake.log
