Building DAG of jobs...
Using shell: /bin/bash
Provided cores: 1 (use --cores to define parallelism)
Rules claiming more threads will be scaled down.
Job stats:
job      count    min threads    max threads
-----  -------  -------------  -------------
all          1              1              1
total        1              1              1

Select jobs to execute...

[Sat Nov 13 00:46:30 2021]
localrule all:
    output: /home/conrad/test-snakemake/A077-H36-15-04-2009, /home/conrad/test-snakemake/A077-H138-28-05-2009, /home/conrad/test-snakemake/A077-H201-11-05-2009
    jobid: 0
    resources: tmpdir=/tmp

Waiting at most 5 seconds for missing files.
MissingOutputException in line 32 of /home/conrad/test-snakemake/Snakefile:
Job Missing files after 5 seconds:
/home/conrad/test-snakemake/A077-H36-15-04-2009
/home/conrad/test-snakemake/A077-H138-28-05-2009
/home/conrad/test-snakemake/A077-H201-11-05-2009
This might be due to filesystem latency. If that is the case, consider to increase the wait time with --latency-wait.
Job id: 0 completed successfully, but some output files are missing. 0
Shutting down, this might take some time.
Exiting because a job execution failed. Look above for error message
Complete log: /home/conrad/test-snakemake/.snakemake/log/2021-11-13T004630.305630.snakemake.log
