Building DAG of jobs...
Using shell: /bin/bash
Provided cores: 1 (use --cores to define parallelism)
Rules claiming more threads will be scaled down.
Job stats:
job            count    min threads    max threads
-----------  -------  -------------  -------------
run_snippy         3              1              1
snippy             1              1              1
snippy_core        1              1              1
total              5              1              1

Select jobs to execute...

[Sat Nov 13 22:32:17 2021]
rule run_snippy:
    input: /home/conrad/test-snakemake/fastq-files/A077-H36-15-04-2009_1.fastq.gz, /home/conrad/test-snakemake/fastq-files/A077-H36-15-04-2009_2.fastq.gz
    output: /home/conrad/test-snakemake/raw-snippy-output/A077-H36-15-04-2009
    jobid: 1
    wildcards: sample=A077-H36-15-04-2009
    resources: tmpdir=/tmp

snippy --R1 /home/conrad/test-snakemake/fastq-files/A077-H36-15-04-2009_1.fastq.gz --R2 /home/conrad/test-snakemake/fastq-files/A077-H36-15-04-2009_2.fastq.gz --ref /home/conrad/test-snakemake/st12_ref.fna --outdir /home/conrad/test-snakemake/raw-snippy-output/A077-H36-15-04-2009 --cpus 8 --minfrac 0.9
[Sat Nov 13 22:32:39 2021]
Finished job 1.
1 of 5 steps (20%) done
Select jobs to execute...

[Sat Nov 13 22:32:39 2021]
rule run_snippy:
    input: /home/conrad/test-snakemake/fastq-files/A077-H201-11-05-2009_1.fastq.gz, /home/conrad/test-snakemake/fastq-files/A077-H201-11-05-2009_2.fastq.gz
    output: /home/conrad/test-snakemake/raw-snippy-output/A077-H201-11-05-2009
    jobid: 3
    wildcards: sample=A077-H201-11-05-2009
    resources: tmpdir=/tmp

snippy --R1 /home/conrad/test-snakemake/fastq-files/A077-H201-11-05-2009_1.fastq.gz --R2 /home/conrad/test-snakemake/fastq-files/A077-H201-11-05-2009_2.fastq.gz --ref /home/conrad/test-snakemake/st12_ref.fna --outdir /home/conrad/test-snakemake/raw-snippy-output/A077-H201-11-05-2009 --cpus 8 --minfrac 0.9
[Sat Nov 13 22:33:03 2021]
Finished job 3.
2 of 5 steps (40%) done
Select jobs to execute...

[Sat Nov 13 22:33:03 2021]
rule run_snippy:
    input: /home/conrad/test-snakemake/fastq-files/A077-H138-28-05-2009_1.fastq.gz, /home/conrad/test-snakemake/fastq-files/A077-H138-28-05-2009_2.fastq.gz
    output: /home/conrad/test-snakemake/raw-snippy-output/A077-H138-28-05-2009
    jobid: 2
    wildcards: sample=A077-H138-28-05-2009
    resources: tmpdir=/tmp

snippy --R1 /home/conrad/test-snakemake/fastq-files/A077-H138-28-05-2009_1.fastq.gz --R2 /home/conrad/test-snakemake/fastq-files/A077-H138-28-05-2009_2.fastq.gz --ref /home/conrad/test-snakemake/st12_ref.fna --outdir /home/conrad/test-snakemake/raw-snippy-output/A077-H138-28-05-2009 --cpus 8 --minfrac 0.9
[Sat Nov 13 22:33:28 2021]
Finished job 2.
3 of 5 steps (60%) done
Select jobs to execute...

[Sat Nov 13 22:33:28 2021]
rule snippy_core:
    input: /home/conrad/test-snakemake/raw-snippy-output/A077-H36-15-04-2009, /home/conrad/test-snakemake/raw-snippy-output/A077-H138-28-05-2009, /home/conrad/test-snakemake/raw-snippy-output/A077-H201-11-05-2009
    output: /home/conrad/test-snakemake/snippy-core/12.full.aln
    jobid: 4
    resources: tmpdir=/tmp

snippy-core --prefix /home/conrad/test-snakemake/snippy-core/12 --ref /home/conrad/test-snakemake/st12_ref.fna /home/conrad/test-snakemake/raw-snippy-output/A077-H36-15-04-2009 /home/conrad/test-snakemake/raw-snippy-output/A077-H138-28-05-2009 /home/conrad/test-snakemake/raw-snippy-output/A077-H201-11-05-2009
[Sat Nov 13 22:33:29 2021]
Finished job 4.
4 of 5 steps (80%) done
Select jobs to execute...

[Sat Nov 13 22:33:29 2021]
localrule snippy:
    input: /home/conrad/test-snakemake/raw-snippy-output/A077-H36-15-04-2009, /home/conrad/test-snakemake/raw-snippy-output/A077-H138-28-05-2009, /home/conrad/test-snakemake/raw-snippy-output/A077-H201-11-05-2009, /home/conrad/test-snakemake/snippy-core/12.full.aln
    jobid: 0
    resources: tmpdir=/tmp

[Sat Nov 13 22:33:29 2021]
Finished job 0.
5 of 5 steps (100%) done
Complete log: /home/conrad/test-snakemake/.snakemake/log/2021-11-13T223216.800992.snakemake.log
