Building DAG of jobs...
Using shell: /bin/bash
Provided cores: 1 (use --cores to define parallelism)
Rules claiming more threads will be scaled down.
Job stats:
job                count    min threads    max threads
---------------  -------  -------------  -------------
snippy_A077_H36        1              1              1
total                  1              1              1

Select jobs to execute...

[Sat Nov 13 12:50:42 2021]
rule snippy_A077_H36:
    input: /home/conrad/test-snakemake/fastq-files/A077-H36-15-04-2009_1.fastq.gz, /home/conrad/test-snakemake/fastq-files/A077-H36-15-04-2009_2.fastq.gz
    output: /home/conrad/test-snakemake/A077-H36-15-04-2009
    jobid: 0
    resources: tmpdir=/tmp

echo snippy --R1 /home/conrad/test-snakemake/fastq-files/A077-H36-15-04-2009_1.fastq.gz --R2 /home/conrad/test-snakemake/fastq-files/A077-H36-15-04-2009_2.fastq.gz --ref /home/conrad/test-snakemake/st12_ref.fna --outdir /home/conrad/test-snakemake/A077-H36-15-04-2009
Waiting at most 5 seconds for missing files.
Terminating processes on user request, this might take some time.
Complete log: /home/conrad/test-snakemake/.snakemake/log/2021-11-13T125041.956880.snakemake.log
