Building DAG of jobs...
Using shell: /bin/bash
Provided cores: 1 (use --cores to define parallelism)
Rules claiming more threads will be scaled down.
Job stats:
job            count    min threads    max threads
-----------  -------  -------------  -------------
all                1              1              1
iqtree             2              1              1
remove_seqs        1              1              1
total              4              1              1

Select jobs to execute...

[Tue Nov 16 15:41:19 2021]
rule remove_seqs:
    input: /home/conrad/test-snakemake/snippy-core/12.clean.full.aln
    output: /home/conrad/test-snakemake/snippy-core/12.no_ref_with_outgroups.clean.full.aln, /home/conrad/test-snakemake/snippy-core/12.no_ref_without_outgroups.clean.full.aln
    jobid: 8
    resources: tmpdir=/tmp

/home/conrad/anaconda3/envs/i18_snp_pipeline_env_testing/bin/python3.7 /home/conrad/test-snakemake/.snakemake/scripts/tmp0_ew4agw.remove_seqs_function.py
[Tue Nov 16 15:41:20 2021]
Finished job 8.
1 of 4 steps (25%) done
Select jobs to execute...

[Tue Nov 16 15:41:20 2021]
rule iqtree:
    input: /home/conrad/test-snakemake/snippy-core/12.no_ref_without_outgroups.clean.full.aln
    output: /home/conrad/test-snakemake/iqtree/12.no_ref_without_outgroups.iqtree
    jobid: 10
    wildcards: output=/home/conrad/test-snakemake/, st=12, remove_seqs_flag_no_dot=no_ref_without_outgroups
    resources: tmpdir=/tmp

iqtree -s /home/conrad/test-snakemake/snippy-core/12.no_ref_without_outgroups.clean.full.aln -m MFP -bb 10000 -nt AUTO -pre /home/conrad/test-snakemake/iqtree/12.no_ref_without_outgroups
[Tue Nov 16 15:41:45 2021]
Finished job 10.
2 of 4 steps (50%) done
Select jobs to execute...

[Tue Nov 16 15:41:45 2021]
rule iqtree:
    input: /home/conrad/test-snakemake/snippy-core/12.no_ref_with_outgroups.clean.full.aln
    output: /home/conrad/test-snakemake/iqtree/12.no_ref_with_outgroups.iqtree
    jobid: 9
    wildcards: output=/home/conrad/test-snakemake/, st=12, remove_seqs_flag_no_dot=no_ref_with_outgroups
    resources: tmpdir=/tmp

iqtree -s /home/conrad/test-snakemake/snippy-core/12.no_ref_with_outgroups.clean.full.aln -m MFP -bb 10000 -nt AUTO -pre /home/conrad/test-snakemake/iqtree/12.no_ref_with_outgroups
[Tue Nov 16 15:42:10 2021]
Finished job 9.
3 of 4 steps (75%) done
Select jobs to execute...

[Tue Nov 16 15:42:10 2021]
localrule all:
    input: /home/conrad/test-snakemake/raw-snippy-output/A077-H36-15-04-2009, /home/conrad/test-snakemake/raw-snippy-output/A077-H138-28-05-2009, /home/conrad/test-snakemake/raw-snippy-output/A077-H201-11-05-2009, /home/conrad/test-snakemake/raw-snippy-output/A013-H12-09-07-2003, /home/conrad/test-snakemake/raw-snippy-output/A077-H202-25-05-2009, /home/conrad/test-snakemake/snippy-core/12.full.aln, /home/conrad/test-snakemake/snippy-core/12.clean.full.aln, /home/conrad/test-snakemake/snippy-core/12.no_ref_with_outgroups.clean.full.aln, /home/conrad/test-snakemake/snippy-core/12.no_ref_without_outgroups.clean.full.aln, /home/conrad/test-snakemake/iqtree/12.no_ref_with_outgroups.iqtree, /home/conrad/test-snakemake/iqtree/12.no_ref_without_outgroups.iqtree
    jobid: 0
    resources: tmpdir=/tmp

[Tue Nov 16 15:42:10 2021]
Finished job 0.
4 of 4 steps (100%) done
Complete log: /home/conrad/test-snakemake/.snakemake/log/2021-11-16T154119.648449.snakemake.log
