Building DAG of jobs...
Using shell: /bin/bash
Provided cores: 1 (use --cores to define parallelism)
Rules claiming more threads will be scaled down.
Job stats:
job              count    min threads    max threads
-------------  -------  -------------  -------------
all                  1              1              1
clonalframeml        2              1              1
iqtree               2              1              1
remove_seqs          1              1              1
snippy               5              1              1
snippy_clean         1              1              1
snippy_core          1              1              1
total               13              1              1

Select jobs to execute...

[Tue Nov 16 22:37:26 2021]
rule snippy:
    input: /home/conrad/test-snakemake/fastq-files/A013-H12-09-07-2003_1.fastq.gz, /home/conrad/test-snakemake/fastq-files/A013-H12-09-07-2003_2.fastq.gz
    output: /home/conrad/test-snakemake/raw-snippy-output/A013-H12-09-07-2003
    jobid: 4
    wildcards: output=/home/conrad/test-snakemake/, sample=A013-H12-09-07-2003
    resources: tmpdir=/tmp

snippy --R1 /home/conrad/test-snakemake/fastq-files/A013-H12-09-07-2003_1.fastq.gz --R2 /home/conrad/test-snakemake/fastq-files/A013-H12-09-07-2003_2.fastq.gz --ref /home/conrad/test-snakemake/st12_ref.fna --outdir /home/conrad/test-snakemake/raw-snippy-output/A013-H12-09-07-2003 --cpus 8 --minfrac 0.9
[Tue Nov 16 22:38:06 2021]
Finished job 4.
1 of 13 steps (8%) done
Select jobs to execute...

[Tue Nov 16 22:38:06 2021]
rule snippy:
    input: /home/conrad/test-snakemake/fastq-files/A077-H202-25-05-2009_1.fastq.gz, /home/conrad/test-snakemake/fastq-files/A077-H202-25-05-2009_2.fastq.gz
    output: /home/conrad/test-snakemake/raw-snippy-output/A077-H202-25-05-2009
    jobid: 5
    wildcards: output=/home/conrad/test-snakemake/, sample=A077-H202-25-05-2009
    resources: tmpdir=/tmp

snippy --R1 /home/conrad/test-snakemake/fastq-files/A077-H202-25-05-2009_1.fastq.gz --R2 /home/conrad/test-snakemake/fastq-files/A077-H202-25-05-2009_2.fastq.gz --ref /home/conrad/test-snakemake/st12_ref.fna --outdir /home/conrad/test-snakemake/raw-snippy-output/A077-H202-25-05-2009 --cpus 8 --minfrac 0.9
[Tue Nov 16 22:38:33 2021]
Finished job 5.
2 of 13 steps (15%) done
Select jobs to execute...

[Tue Nov 16 22:38:33 2021]
rule snippy:
    input: /home/conrad/test-snakemake/fastq-files/A077-H36-15-04-2009_1.fastq.gz, /home/conrad/test-snakemake/fastq-files/A077-H36-15-04-2009_2.fastq.gz
    output: /home/conrad/test-snakemake/raw-snippy-output/A077-H36-15-04-2009
    jobid: 1
    wildcards: output=/home/conrad/test-snakemake/, sample=A077-H36-15-04-2009
    resources: tmpdir=/tmp

snippy --R1 /home/conrad/test-snakemake/fastq-files/A077-H36-15-04-2009_1.fastq.gz --R2 /home/conrad/test-snakemake/fastq-files/A077-H36-15-04-2009_2.fastq.gz --ref /home/conrad/test-snakemake/st12_ref.fna --outdir /home/conrad/test-snakemake/raw-snippy-output/A077-H36-15-04-2009 --cpus 8 --minfrac 0.9
[Tue Nov 16 22:38:56 2021]
Finished job 1.
3 of 13 steps (23%) done
Select jobs to execute...

[Tue Nov 16 22:38:56 2021]
rule snippy:
    input: /home/conrad/test-snakemake/fastq-files/A077-H201-11-05-2009_1.fastq.gz, /home/conrad/test-snakemake/fastq-files/A077-H201-11-05-2009_2.fastq.gz
    output: /home/conrad/test-snakemake/raw-snippy-output/A077-H201-11-05-2009
    jobid: 3
    wildcards: output=/home/conrad/test-snakemake/, sample=A077-H201-11-05-2009
    resources: tmpdir=/tmp

snippy --R1 /home/conrad/test-snakemake/fastq-files/A077-H201-11-05-2009_1.fastq.gz --R2 /home/conrad/test-snakemake/fastq-files/A077-H201-11-05-2009_2.fastq.gz --ref /home/conrad/test-snakemake/st12_ref.fna --outdir /home/conrad/test-snakemake/raw-snippy-output/A077-H201-11-05-2009 --cpus 8 --minfrac 0.9
[Tue Nov 16 22:39:21 2021]
Finished job 3.
4 of 13 steps (31%) done
Select jobs to execute...

[Tue Nov 16 22:39:21 2021]
rule snippy:
    input: /home/conrad/test-snakemake/fastq-files/A077-H138-28-05-2009_1.fastq.gz, /home/conrad/test-snakemake/fastq-files/A077-H138-28-05-2009_2.fastq.gz
    output: /home/conrad/test-snakemake/raw-snippy-output/A077-H138-28-05-2009
    jobid: 2
    wildcards: output=/home/conrad/test-snakemake/, sample=A077-H138-28-05-2009
    resources: tmpdir=/tmp

snippy --R1 /home/conrad/test-snakemake/fastq-files/A077-H138-28-05-2009_1.fastq.gz --R2 /home/conrad/test-snakemake/fastq-files/A077-H138-28-05-2009_2.fastq.gz --ref /home/conrad/test-snakemake/st12_ref.fna --outdir /home/conrad/test-snakemake/raw-snippy-output/A077-H138-28-05-2009 --cpus 8 --minfrac 0.9
[Tue Nov 16 22:39:46 2021]
Finished job 2.
5 of 13 steps (38%) done
Select jobs to execute...

[Tue Nov 16 22:39:46 2021]
rule snippy_core:
    input: /home/conrad/test-snakemake/raw-snippy-output/A077-H36-15-04-2009, /home/conrad/test-snakemake/raw-snippy-output/A077-H138-28-05-2009, /home/conrad/test-snakemake/raw-snippy-output/A077-H201-11-05-2009, /home/conrad/test-snakemake/raw-snippy-output/A013-H12-09-07-2003, /home/conrad/test-snakemake/raw-snippy-output/A077-H202-25-05-2009
    output: /home/conrad/test-snakemake/snippy-core/12.full.aln
    jobid: 6
    wildcards: output=/home/conrad/test-snakemake/, st=12
    resources: tmpdir=/tmp

snippy-core --prefix /home/conrad/test-snakemake//snippy-core/12 --ref /home/conrad/test-snakemake/st12_ref.fna /home/conrad/test-snakemake/raw-snippy-output/A077-H36-15-04-2009 /home/conrad/test-snakemake/raw-snippy-output/A077-H138-28-05-2009 /home/conrad/test-snakemake/raw-snippy-output/A077-H201-11-05-2009 /home/conrad/test-snakemake/raw-snippy-output/A013-H12-09-07-2003 /home/conrad/test-snakemake/raw-snippy-output/A077-H202-25-05-2009
[Tue Nov 16 22:39:47 2021]
Finished job 6.
6 of 13 steps (46%) done
Select jobs to execute...

[Tue Nov 16 22:39:47 2021]
rule snippy_clean:
    input: /home/conrad/test-snakemake/snippy-core/12.full.aln
    output: /home/conrad/test-snakemake/snippy-core/12.clean.full.aln
    jobid: 7
    wildcards: output=/home/conrad/test-snakemake/, st=12
    resources: tmpdir=/tmp

snippy-clean_full_aln /home/conrad/test-snakemake/snippy-core/12.full.aln > /home/conrad/test-snakemake/snippy-core/12.clean.full.aln
[Tue Nov 16 22:39:47 2021]
Finished job 7.
7 of 13 steps (54%) done
Select jobs to execute...

[Tue Nov 16 22:39:47 2021]
rule remove_seqs:
    input: /home/conrad/test-snakemake/snippy-core/12.clean.full.aln
    output: /home/conrad/test-snakemake/snippy-core/12.no_ref_with_outgroups.clean.full.aln, /home/conrad/test-snakemake/snippy-core/12.no_ref_without_outgroups.clean.full.aln
    jobid: 8
    resources: tmpdir=/tmp

/home/conrad/anaconda3/envs/i18_snp_pipeline_env_testing/bin/python3.7 /home/conrad/test-snakemake/.snakemake/scripts/tmprlyl5rc0.remove_seqs_function.py
[Tue Nov 16 22:39:48 2021]
Finished job 8.
8 of 13 steps (62%) done
Select jobs to execute...

[Tue Nov 16 22:39:48 2021]
rule iqtree:
    input: /home/conrad/test-snakemake/snippy-core/12.no_ref_without_outgroups.clean.full.aln
    output: /home/conrad/test-snakemake/iqtree/12.no_ref_without_outgroups.contree
    jobid: 10
    wildcards: output=/home/conrad/test-snakemake/, st=12, remove_seqs_flag_no_dot=no_ref_without_outgroups
    resources: tmpdir=/tmp

iqtree -s /home/conrad/test-snakemake/snippy-core/12.no_ref_without_outgroups.clean.full.aln -m MFP -bb 10000 -nt AUTO -pre /home/conrad/test-snakemake/iqtree/12.no_ref_without_outgroups
[Tue Nov 16 22:40:13 2021]
Finished job 10.
9 of 13 steps (69%) done
Select jobs to execute...

[Tue Nov 16 22:40:13 2021]
rule clonalframeml:
    input: /home/conrad/test-snakemake/iqtree/12.no_ref_without_outgroups.contree, /home/conrad/test-snakemake/snippy-core/12.no_ref_without_outgroups.clean.full.aln
    output: /home/conrad/test-snakemake/cfml/12.no_ref_without_outgroups.labelled_tree.newick
    jobid: 12
    wildcards: output=/home/conrad/test-snakemake/, st=12, remove_seqs_flag_no_dot=no_ref_without_outgroups
    resources: tmpdir=/tmp

ClonalFrameML /home/conrad/test-snakemake/iqtree/12.no_ref_without_outgroups.contree /home/conrad/test-snakemake/snippy-core/12.no_ref_without_outgroups.clean.full.aln /home/conrad/test-snakemake/cfml/12.no_ref_without_outgroups -em true -show_progress true
[Tue Nov 16 22:40:39 2021]
Finished job 12.
10 of 13 steps (77%) done
Select jobs to execute...

[Tue Nov 16 22:40:39 2021]
rule iqtree:
    input: /home/conrad/test-snakemake/snippy-core/12.no_ref_with_outgroups.clean.full.aln
    output: /home/conrad/test-snakemake/iqtree/12.no_ref_with_outgroups.contree
    jobid: 9
    wildcards: output=/home/conrad/test-snakemake/, st=12, remove_seqs_flag_no_dot=no_ref_with_outgroups
    resources: tmpdir=/tmp

iqtree -s /home/conrad/test-snakemake/snippy-core/12.no_ref_with_outgroups.clean.full.aln -m MFP -bb 10000 -nt AUTO -pre /home/conrad/test-snakemake/iqtree/12.no_ref_with_outgroups
[Tue Nov 16 22:41:07 2021]
Finished job 9.
11 of 13 steps (85%) done
Select jobs to execute...

[Tue Nov 16 22:41:07 2021]
rule clonalframeml:
    input: /home/conrad/test-snakemake/iqtree/12.no_ref_with_outgroups.contree, /home/conrad/test-snakemake/snippy-core/12.no_ref_with_outgroups.clean.full.aln
    output: /home/conrad/test-snakemake/cfml/12.no_ref_with_outgroups.labelled_tree.newick
    jobid: 11
    wildcards: output=/home/conrad/test-snakemake/, st=12, remove_seqs_flag_no_dot=no_ref_with_outgroups
    resources: tmpdir=/tmp

ClonalFrameML /home/conrad/test-snakemake/iqtree/12.no_ref_with_outgroups.contree /home/conrad/test-snakemake/snippy-core/12.no_ref_with_outgroups.clean.full.aln /home/conrad/test-snakemake/cfml/12.no_ref_with_outgroups -em true -show_progress true
Terminating processes on user request, this might take some time.
[Tue Nov 16 22:42:33 2021]
Error in rule clonalframeml:
    jobid: 11
    output: /home/conrad/test-snakemake/cfml/12.no_ref_with_outgroups.labelled_tree.newick
    shell:
        ClonalFrameML /home/conrad/test-snakemake/iqtree/12.no_ref_with_outgroups.contree /home/conrad/test-snakemake/snippy-core/12.no_ref_with_outgroups.clean.full.aln /home/conrad/test-snakemake/cfml/12.no_ref_with_outgroups -em true -show_progress true
        (one of the commands exited with non-zero exit code; note that snakemake uses bash strict mode!)

Complete log: /home/conrad/test-snakemake/.snakemake/log/2021-11-16T223726.101980.snakemake.log
