Building DAG of jobs...
Using shell: /bin/bash
Provided cores: 1 (use --cores to define parallelism)
Rules claiming more threads will be scaled down.
Job stats:
job              count    min threads    max threads
-------------  -------  -------------  -------------
all                  1              1              1
clonalframeml        2              1              1
iqtree               1              1              1
maskrcsvg            2              1              1
total                6              1              1

Select jobs to execute...

[Wed Nov 17 11:58:48 2021]
rule iqtree:
    input: /home/conrad/test-snakemake/snippy-core/12.no_ref_without_outgroups.clean.full.aln
    output: /home/conrad/test-snakemake/iqtree/12.no_ref_without_outgroups.contree
    jobid: 10
    wildcards: output=/home/conrad/test-snakemake/, st=12, remove_seqs_flag_no_dot=no_ref_without_outgroups
    resources: tmpdir=/tmp

iqtree -s /home/conrad/test-snakemake/snippy-core/12.no_ref_without_outgroups.clean.full.aln -m MFP -bb 10000 -nt AUTO -pre /home/conrad/test-snakemake/iqtree/12.no_ref_without_outgroups
Terminating processes on user request, this might take some time.
[Wed Nov 17 11:59:02 2021]
Error in rule iqtree:
    jobid: 10
    output: /home/conrad/test-snakemake/iqtree/12.no_ref_without_outgroups.contree
    shell:
        iqtree -s /home/conrad/test-snakemake/snippy-core/12.no_ref_without_outgroups.clean.full.aln -m MFP -bb 10000 -nt AUTO -pre /home/conrad/test-snakemake/iqtree/12.no_ref_without_outgroups
        (one of the commands exited with non-zero exit code; note that snakemake uses bash strict mode!)

Complete log: /home/conrad/test-snakemake/.snakemake/log/2021-11-17T115847.885284.snakemake.log
