Building DAG of jobs...
Using shell: /bin/bash
Provided cores: 1 (use --cores to define parallelism)
Rules claiming more threads will be scaled down.
Job stats:
job            count    min threads    max threads
-----------  -------  -------------  -------------
snippy             1              1              1
snippy_core        1              1              1
total              2              1              1

Select jobs to execute...

[Sat Nov 13 22:14:42 2021]
rule snippy_core:
    input: /home/conrad/test-snakemake/raw-snippy-output/A077-H36-15-04-2009, /home/conrad/test-snakemake/raw-snippy-output/A077-H138-28-05-2009, /home/conrad/test-snakemake/raw-snippy-output/A077-H201-11-05-2009
    output: /home/conrad/test-snakemake/snippy-core/12
    jobid: 4
    resources: tmpdir=/tmp

snippy-core --prefix /home/conrad/test-snakemake/snippy-core/12 --ref /home/conrad/test-snakemake/st12_ref.fna /home/conrad/test-snakemake/raw-snippy-output/A077-H36-15-04-2009 /home/conrad/test-snakemake/raw-snippy-output/A077-H138-28-05-2009 /home/conrad/test-snakemake/raw-snippy-output/A077-H201-11-05-2009
Waiting at most 5 seconds for missing files.
MissingOutputException in line 97 of /home/conrad/test-snakemake/Snakefile.smk:
Job Missing files after 5 seconds:
/home/conrad/test-snakemake/snippy-core/12
This might be due to filesystem latency. If that is the case, consider to increase the wait time with --latency-wait.
Job id: 4 completed successfully, but some output files are missing. 4
Shutting down, this might take some time.
Exiting because a job execution failed. Look above for error message
Complete log: /home/conrad/test-snakemake/.snakemake/log/2021-11-13T221442.080875.snakemake.log
