Building DAG of jobs...
Using shell: /bin/bash
Provided cores: 1 (use --cores to define parallelism)
Rules claiming more threads will be scaled down.
Job stats:
job           count    min threads    max threads
----------  -------  -------------  -------------
run_snippy        1              1              1
snippy            5              1              1
total             6              1              1

Select jobs to execute...

[Sat Nov 13 23:15:46 2021]
rule snippy:
    input: /home/conrad/test-snakemake/fastq-files/A013-H12-09-07-2003_1.fastq.gz, /home/conrad/test-snakemake/fastq-files/A013-H12-09-07-2003_2.fastq.gz
    output: /home/conrad/test-snakemake/raw-snippy-output/A013-H12-09-07-2003
    jobid: 4
    wildcards: sample=A013-H12-09-07-2003
    resources: tmpdir=/tmp

snippy --R1 /home/conrad/test-snakemake/fastq-files/A013-H12-09-07-2003_1.fastq.gz --R2 /home/conrad/test-snakemake/fastq-files/A013-H12-09-07-2003_2.fastq.gz --ref /home/conrad/test-snakemake/st12_ref.fna --outdir /home/conrad/test-snakemake/raw-snippy-output/A013-H12-09-07-2003 --cpus 8 --minfrac 0.9
[Sat Nov 13 23:16:23 2021]
Finished job 4.
1 of 6 steps (17%) done
Select jobs to execute...

[Sat Nov 13 23:16:23 2021]
rule snippy:
    input: /home/conrad/test-snakemake/fastq-files/A077-H202-25-05-2009_1.fastq.gz, /home/conrad/test-snakemake/fastq-files/A077-H202-25-05-2009_2.fastq.gz
    output: /home/conrad/test-snakemake/raw-snippy-output/A077-H202-25-05-2009
    jobid: 5
    wildcards: sample=A077-H202-25-05-2009
    resources: tmpdir=/tmp

snippy --R1 /home/conrad/test-snakemake/fastq-files/A077-H202-25-05-2009_1.fastq.gz --R2 /home/conrad/test-snakemake/fastq-files/A077-H202-25-05-2009_2.fastq.gz --ref /home/conrad/test-snakemake/st12_ref.fna --outdir /home/conrad/test-snakemake/raw-snippy-output/A077-H202-25-05-2009 --cpus 8 --minfrac 0.9
[Sat Nov 13 23:16:50 2021]
Finished job 5.
2 of 6 steps (33%) done
Select jobs to execute...

[Sat Nov 13 23:16:50 2021]
rule snippy:
    input: /home/conrad/test-snakemake/fastq-files/A077-H36-15-04-2009_1.fastq.gz, /home/conrad/test-snakemake/fastq-files/A077-H36-15-04-2009_2.fastq.gz
    output: /home/conrad/test-snakemake/raw-snippy-output/A077-H36-15-04-2009
    jobid: 1
    wildcards: sample=A077-H36-15-04-2009
    resources: tmpdir=/tmp

snippy --R1 /home/conrad/test-snakemake/fastq-files/A077-H36-15-04-2009_1.fastq.gz --R2 /home/conrad/test-snakemake/fastq-files/A077-H36-15-04-2009_2.fastq.gz --ref /home/conrad/test-snakemake/st12_ref.fna --outdir /home/conrad/test-snakemake/raw-snippy-output/A077-H36-15-04-2009 --cpus 8 --minfrac 0.9
[Sat Nov 13 23:17:13 2021]
Finished job 1.
3 of 6 steps (50%) done
Select jobs to execute...

[Sat Nov 13 23:17:13 2021]
rule snippy:
    input: /home/conrad/test-snakemake/fastq-files/A077-H201-11-05-2009_1.fastq.gz, /home/conrad/test-snakemake/fastq-files/A077-H201-11-05-2009_2.fastq.gz
    output: /home/conrad/test-snakemake/raw-snippy-output/A077-H201-11-05-2009
    jobid: 3
    wildcards: sample=A077-H201-11-05-2009
    resources: tmpdir=/tmp

snippy --R1 /home/conrad/test-snakemake/fastq-files/A077-H201-11-05-2009_1.fastq.gz --R2 /home/conrad/test-snakemake/fastq-files/A077-H201-11-05-2009_2.fastq.gz --ref /home/conrad/test-snakemake/st12_ref.fna --outdir /home/conrad/test-snakemake/raw-snippy-output/A077-H201-11-05-2009 --cpus 8 --minfrac 0.9
[Sat Nov 13 23:17:38 2021]
Finished job 3.
4 of 6 steps (67%) done
Select jobs to execute...

[Sat Nov 13 23:17:38 2021]
rule snippy:
    input: /home/conrad/test-snakemake/fastq-files/A077-H138-28-05-2009_1.fastq.gz, /home/conrad/test-snakemake/fastq-files/A077-H138-28-05-2009_2.fastq.gz
    output: /home/conrad/test-snakemake/raw-snippy-output/A077-H138-28-05-2009
    jobid: 2
    wildcards: sample=A077-H138-28-05-2009
    resources: tmpdir=/tmp

snippy --R1 /home/conrad/test-snakemake/fastq-files/A077-H138-28-05-2009_1.fastq.gz --R2 /home/conrad/test-snakemake/fastq-files/A077-H138-28-05-2009_2.fastq.gz --ref /home/conrad/test-snakemake/st12_ref.fna --outdir /home/conrad/test-snakemake/raw-snippy-output/A077-H138-28-05-2009 --cpus 8 --minfrac 0.9
[Sat Nov 13 23:18:03 2021]
Finished job 2.
5 of 6 steps (83%) done
Select jobs to execute...

[Sat Nov 13 23:18:03 2021]
localrule run_snippy:
    input: /home/conrad/test-snakemake/raw-snippy-output/A077-H36-15-04-2009, /home/conrad/test-snakemake/raw-snippy-output/A077-H138-28-05-2009, /home/conrad/test-snakemake/raw-snippy-output/A077-H201-11-05-2009, /home/conrad/test-snakemake/raw-snippy-output/A013-H12-09-07-2003, /home/conrad/test-snakemake/raw-snippy-output/A077-H202-25-05-2009
    jobid: 0
    resources: tmpdir=/tmp

[Sat Nov 13 23:18:03 2021]
Finished job 0.
6 of 6 steps (100%) done
Complete log: /home/conrad/test-snakemake/.snakemake/log/2021-11-13T231546.267860.snakemake.log
