Building DAG of jobs...
Using shell: /bin/bash
Provided cores: 1 (use --cores to define parallelism)
Rules claiming more threads will be scaled down.
Job stats:
job                 count    min threads    max threads
----------------  -------  -------------  -------------
run_snippy              1              1              1
snippy_A077_H138        1              1              1
snippy_A077_H201        1              1              1
snippy_A077_H36         1              1              1
total                   4              1              1

Select jobs to execute...

[Sat Nov 13 13:03:26 2021]
rule snippy_A077_H36:
    input: /home/conrad/test-snakemake/fastq-files/A077-H36-15-04-2009_1.fastq.gz, /home/conrad/test-snakemake/fastq-files/A077-H36-15-04-2009_2.fastq.gz
    output: /home/conrad/test-snakemake/A077-H36-15-04-2009
    jobid: 1
    resources: tmpdir=/tmp

snippy --R1 /home/conrad/test-snakemake/fastq-files/A077-H36-15-04-2009_1.fastq.gz --R2 /home/conrad/test-snakemake/fastq-files/A077-H36-15-04-2009_2.fastq.gz --ref /home/conrad/test-snakemake/st12_ref.fna --outdir /home/conrad/test-snakemake/A077-H36-15-04-2009
[Sat Nov 13 13:03:48 2021]
Finished job 1.
1 of 4 steps (25%) done
Select jobs to execute...

[Sat Nov 13 13:03:48 2021]
rule snippy_A077_H138:
    input: /home/conrad/test-snakemake/fastq-files/A077-H138-28-05-2009_1.fastq.gz, /home/conrad/test-snakemake/fastq-files/A077-H138-28-05-2009_2.fastq.gz
    output: /home/conrad/test-snakemake/A077-H138-28-05-2009
    jobid: 2
    resources: tmpdir=/tmp

snippy --R1 /home/conrad/test-snakemake/fastq-files/A077-H138-28-05-2009_1.fastq.gz --R2 /home/conrad/test-snakemake/fastq-files/A077-H138-28-05-2009_2.fastq.gz --ref /home/conrad/test-snakemake/st12_ref.fna --outdir /home/conrad/test-snakemake/A077-H138-28-05-2009
[Sat Nov 13 13:04:13 2021]
Finished job 2.
2 of 4 steps (50%) done
Select jobs to execute...

[Sat Nov 13 13:04:13 2021]
rule snippy_A077_H201:
    input: /home/conrad/test-snakemake/fastq-files/A077-H201-11-05-2009_1.fastq.gz, /home/conrad/test-snakemake/fastq-files/A077-H201-11-05-2009_2.fastq.gz
    output: /home/conrad/test-snakemake/A077-H201-11-05-2009
    jobid: 3
    resources: tmpdir=/tmp

snippy --R1 /home/conrad/test-snakemake/fastq-files/A077-H201-11-05-2009_1.fastq.gz --R2 /home/conrad/test-snakemake/fastq-files/A077-H201-11-05-2009_2.fastq.gz --ref /home/conrad/test-snakemake/st12_ref.fna --outdir /home/conrad/test-snakemake/A077-H201-11-05-2009
[Sat Nov 13 13:04:37 2021]
Finished job 3.
3 of 4 steps (75%) done
Select jobs to execute...

[Sat Nov 13 13:04:37 2021]
localrule run_snippy:
    input: /home/conrad/test-snakemake/A077-H36-15-04-2009, /home/conrad/test-snakemake/A077-H138-28-05-2009, /home/conrad/test-snakemake/A077-H201-11-05-2009
    jobid: 0
    resources: tmpdir=/tmp

[Sat Nov 13 13:04:37 2021]
Finished job 0.
4 of 4 steps (100%) done
Complete log: /home/conrad/test-snakemake/.snakemake/log/2021-11-13T130325.841417.snakemake.log
