Building DAG of jobs...
Using shell: /bin/bash
Provided cores: 1 (use --cores to define parallelism)
Rules claiming more threads will be scaled down.
Job stats:
job                count    min threads    max threads
---------------  -------  -------------  -------------
remove_seqs            1              1              1
run_remove_seqs        1              1              1
total                  2              1              1

Select jobs to execute...

[Sun Nov 14 13:58:01 2021]
rule remove_seqs:
    input: /home/conrad/test-snakemake/snippy-core/12.full.aln
    output: /home/conrad/test-snakemake/snippy-core/12.test.txt
    jobid: 1
    wildcards: output=/home/conrad/test-snakemake/, st=12
    resources: tmpdir=/tmp

Shutting down, this might take some time.
Exiting because a job execution failed. Look above for error message
Complete log: /home/conrad/test-snakemake/.snakemake/log/2021-11-14T135800.839759.snakemake.log
