Building DAG of jobs...
Using shell: /bin/bash
Provided cores: 1 (use --cores to define parallelism)
Rules claiming more threads will be scaled down.
Job stats:
job                         count    min threads    max threads
------------------------  -------  -------------  -------------
all                             1              1              1
remove_ref_and_outgroups        1              1              1
snippy                          5              1              1
snippy_core                     1              1              1
total                           8              1              1

Select jobs to execute...

[Sat Nov 13 23:58:05 2021]
rule snippy:
    input: /home/conrad/test-snakemake/fastq-files/A013-H12-09-07-2003_1.fastq.gz, /home/conrad/test-snakemake/fastq-files/A013-H12-09-07-2003_2.fastq.gz
    output: /home/conrad/test-snakemake/raw-snippy-output/A013-H12-09-07-2003
    jobid: 4
    wildcards: sample=A013-H12-09-07-2003
    resources: tmpdir=/tmp

snippy --R1 /home/conrad/test-snakemake/fastq-files/A013-H12-09-07-2003_1.fastq.gz --R2 /home/conrad/test-snakemake/fastq-files/A013-H12-09-07-2003_2.fastq.gz --ref /home/conrad/test-snakemake/st12_ref.fna --outdir /home/conrad/test-snakemake/raw-snippy-output/A013-H12-09-07-2003 --cpus 8 --minfrac 0.9
[Sat Nov 13 23:58:42 2021]
Finished job 4.
1 of 8 steps (12%) done
Select jobs to execute...

[Sat Nov 13 23:58:42 2021]
rule snippy:
    input: /home/conrad/test-snakemake/fastq-files/A077-H202-25-05-2009_1.fastq.gz, /home/conrad/test-snakemake/fastq-files/A077-H202-25-05-2009_2.fastq.gz
    output: /home/conrad/test-snakemake/raw-snippy-output/A077-H202-25-05-2009
    jobid: 5
    wildcards: sample=A077-H202-25-05-2009
    resources: tmpdir=/tmp

snippy --R1 /home/conrad/test-snakemake/fastq-files/A077-H202-25-05-2009_1.fastq.gz --R2 /home/conrad/test-snakemake/fastq-files/A077-H202-25-05-2009_2.fastq.gz --ref /home/conrad/test-snakemake/st12_ref.fna --outdir /home/conrad/test-snakemake/raw-snippy-output/A077-H202-25-05-2009 --cpus 8 --minfrac 0.9
[Sat Nov 13 23:59:08 2021]
Finished job 5.
2 of 8 steps (25%) done
Select jobs to execute...

[Sat Nov 13 23:59:08 2021]
rule snippy:
    input: /home/conrad/test-snakemake/fastq-files/A077-H36-15-04-2009_1.fastq.gz, /home/conrad/test-snakemake/fastq-files/A077-H36-15-04-2009_2.fastq.gz
    output: /home/conrad/test-snakemake/raw-snippy-output/A077-H36-15-04-2009
    jobid: 1
    wildcards: sample=A077-H36-15-04-2009
    resources: tmpdir=/tmp

snippy --R1 /home/conrad/test-snakemake/fastq-files/A077-H36-15-04-2009_1.fastq.gz --R2 /home/conrad/test-snakemake/fastq-files/A077-H36-15-04-2009_2.fastq.gz --ref /home/conrad/test-snakemake/st12_ref.fna --outdir /home/conrad/test-snakemake/raw-snippy-output/A077-H36-15-04-2009 --cpus 8 --minfrac 0.9
[Sat Nov 13 23:59:31 2021]
Finished job 1.
3 of 8 steps (38%) done
Select jobs to execute...

[Sat Nov 13 23:59:31 2021]
rule snippy:
    input: /home/conrad/test-snakemake/fastq-files/A077-H201-11-05-2009_1.fastq.gz, /home/conrad/test-snakemake/fastq-files/A077-H201-11-05-2009_2.fastq.gz
    output: /home/conrad/test-snakemake/raw-snippy-output/A077-H201-11-05-2009
    jobid: 3
    wildcards: sample=A077-H201-11-05-2009
    resources: tmpdir=/tmp

snippy --R1 /home/conrad/test-snakemake/fastq-files/A077-H201-11-05-2009_1.fastq.gz --R2 /home/conrad/test-snakemake/fastq-files/A077-H201-11-05-2009_2.fastq.gz --ref /home/conrad/test-snakemake/st12_ref.fna --outdir /home/conrad/test-snakemake/raw-snippy-output/A077-H201-11-05-2009 --cpus 8 --minfrac 0.9
[Sat Nov 13 23:59:56 2021]
Finished job 3.
4 of 8 steps (50%) done
Select jobs to execute...

[Sat Nov 13 23:59:56 2021]
rule snippy:
    input: /home/conrad/test-snakemake/fastq-files/A077-H138-28-05-2009_1.fastq.gz, /home/conrad/test-snakemake/fastq-files/A077-H138-28-05-2009_2.fastq.gz
    output: /home/conrad/test-snakemake/raw-snippy-output/A077-H138-28-05-2009
    jobid: 2
    wildcards: sample=A077-H138-28-05-2009
    resources: tmpdir=/tmp

snippy --R1 /home/conrad/test-snakemake/fastq-files/A077-H138-28-05-2009_1.fastq.gz --R2 /home/conrad/test-snakemake/fastq-files/A077-H138-28-05-2009_2.fastq.gz --ref /home/conrad/test-snakemake/st12_ref.fna --outdir /home/conrad/test-snakemake/raw-snippy-output/A077-H138-28-05-2009 --cpus 8 --minfrac 0.9
[Sun Nov 14 00:00:21 2021]
Finished job 2.
5 of 8 steps (62%) done
Select jobs to execute...

[Sun Nov 14 00:00:21 2021]
rule snippy_core:
    input: /home/conrad/test-snakemake/raw-snippy-output/A077-H36-15-04-2009, /home/conrad/test-snakemake/raw-snippy-output/A077-H138-28-05-2009, /home/conrad/test-snakemake/raw-snippy-output/A077-H201-11-05-2009, /home/conrad/test-snakemake/raw-snippy-output/A013-H12-09-07-2003, /home/conrad/test-snakemake/raw-snippy-output/A077-H202-25-05-2009
    output: /home/conrad/test-snakemake/snippy-core/12.full.aln
    jobid: 6
    resources: tmpdir=/tmp

snippy-core --prefix /home/conrad/test-snakemake/snippy-core/12 --ref /home/conrad/test-snakemake/st12_ref.fna /home/conrad/test-snakemake/raw-snippy-output/A077-H36-15-04-2009 /home/conrad/test-snakemake/raw-snippy-output/A077-H138-28-05-2009 /home/conrad/test-snakemake/raw-snippy-output/A077-H201-11-05-2009 /home/conrad/test-snakemake/raw-snippy-output/A013-H12-09-07-2003 /home/conrad/test-snakemake/raw-snippy-output/A077-H202-25-05-2009
[Sun Nov 14 00:00:22 2021]
Finished job 6.
6 of 8 steps (75%) done
Select jobs to execute...

[Sun Nov 14 00:00:22 2021]
rule remove_ref_and_outgroups:
    input: /home/conrad/test-snakemake/snippy-core/12.full.aln
    output: test.removed_ref.txt
    jobid: 7
    resources: tmpdir=/tmp

echo /home/conrad/test-snakemake/snippy-core/12.full.aln > test.removed_ref.txt
[Sun Nov 14 00:00:22 2021]
Finished job 7.
7 of 8 steps (88%) done
Select jobs to execute...

[Sun Nov 14 00:00:22 2021]
localrule all:
    input: /home/conrad/test-snakemake/raw-snippy-output/A077-H36-15-04-2009, /home/conrad/test-snakemake/raw-snippy-output/A077-H138-28-05-2009, /home/conrad/test-snakemake/raw-snippy-output/A077-H201-11-05-2009, /home/conrad/test-snakemake/raw-snippy-output/A013-H12-09-07-2003, /home/conrad/test-snakemake/raw-snippy-output/A077-H202-25-05-2009, /home/conrad/test-snakemake/snippy-core/12.full.aln, test.removed_ref.txt
    jobid: 0
    resources: tmpdir=/tmp

[Sun Nov 14 00:00:22 2021]
Finished job 0.
8 of 8 steps (100%) done
Complete log: /home/conrad/test-snakemake/.snakemake/log/2021-11-13T235805.582161.snakemake.log
