Building DAG of jobs...
Using shell: /bin/bash
Provided cores: 1 (use --cores to define parallelism)
Rules claiming more threads will be scaled down.
Job stats:
job       count    min threads    max threads
------  -------  -------------  -------------
all           1              1              1
iqtree        2              1              1
total         3              1              1

Select jobs to execute...

[Tue Nov 16 15:35:35 2021]
rule iqtree:
    input: /home/conrad/test-snakemake/snippy-core/12.no_ref_without_outgroups.clean.full.aln
    output: /home/conrad/test-snakemake/iqtree/12.no_ref_without_outgroupsiqtree
    jobid: 10
    wildcards: output=/home/conrad/test-snakemake/, st=12, remove_seqs_flag_no_dot=no_ref_without_outgroups
    resources: tmpdir=/tmp

iqtree -s /home/conrad/test-snakemake/snippy-core/12.no_ref_without_outgroups.clean.full.aln -m MFP -bb 10000 -nt AUTO -pre /home/conrad/test-snakemake/iqtree/12.no_ref_without_outgroups
Waiting at most 5 seconds for missing files.
MissingOutputException in line 294 of /home/conrad/test-snakemake/Snakefile.smk:
Job Missing files after 5 seconds:
/home/conrad/test-snakemake/iqtree/12.no_ref_without_outgroupsiqtree
This might be due to filesystem latency. If that is the case, consider to increase the wait time with --latency-wait.
Job id: 10 completed successfully, but some output files are missing. 10
Shutting down, this might take some time.
Exiting because a job execution failed. Look above for error message
Complete log: /home/conrad/test-snakemake/.snakemake/log/2021-11-16T153535.135908.snakemake.log
