Building DAG of jobs...
Using shell: /bin/bash
Provided cores: 8
Rules claiming more threads will be scaled down.
Job stats:
job           count    min threads    max threads
----------  -------  -------------  -------------
run_snippy        3              1              1
snippy            1              1              1
total             4              1              1

Select jobs to execute...

[Sat Nov 13 13:52:21 2021]
rule run_snippy:
    input: /home/conrad/test-snakemake/fastq-files/A077-H138-28-05-2009_1.fastq.gz, /home/conrad/test-snakemake/fastq-files/A077-H138-28-05-2009_2.fastq.gz
    output: /home/conrad/test-snakemake/A077-H138-28-05-2009
    jobid: 2
    wildcards: sample=A077-H138-28-05-2009
    resources: tmpdir=/tmp

echo snippy --R1 /home/conrad/test-snakemake/fastq-files/A077-H138-28-05-2009_1.fastq.gz --R2 /home/conrad/test-snakemake/fastq-files/A077-H138-28-05-2009_2.fastq.gz --ref /home/conrad/test-snakemake/st12_ref.fna --outdir /home/conrad/test-snakemake/A077-H138-28-05-2009 --cpus 8 A077-H138-28-05-2009

[Sat Nov 13 13:52:21 2021]
rule run_snippy:
    input: /home/conrad/test-snakemake/fastq-files/A077-H201-11-05-2009_1.fastq.gz, /home/conrad/test-snakemake/fastq-files/A077-H201-11-05-2009_2.fastq.gz
    output: /home/conrad/test-snakemake/A077-H201-11-05-2009
    jobid: 3
    wildcards: sample=A077-H201-11-05-2009
    resources: tmpdir=/tmp

echo snippy --R1 /home/conrad/test-snakemake/fastq-files/A077-H201-11-05-2009_1.fastq.gz --R2 /home/conrad/test-snakemake/fastq-files/A077-H201-11-05-2009_2.fastq.gz --ref /home/conrad/test-snakemake/st12_ref.fna --outdir /home/conrad/test-snakemake/A077-H201-11-05-2009 --cpus 8 A077-H201-11-05-2009

[Sat Nov 13 13:52:21 2021]
rule run_snippy:
    input: /home/conrad/test-snakemake/fastq-files/A077-H36-15-04-2009_1.fastq.gz, /home/conrad/test-snakemake/fastq-files/A077-H36-15-04-2009_2.fastq.gz
    output: /home/conrad/test-snakemake/A077-H36-15-04-2009
    jobid: 1
    wildcards: sample=A077-H36-15-04-2009
    resources: tmpdir=/tmp

echo snippy --R1 /home/conrad/test-snakemake/fastq-files/A077-H36-15-04-2009_1.fastq.gz --R2 /home/conrad/test-snakemake/fastq-files/A077-H36-15-04-2009_2.fastq.gz --ref /home/conrad/test-snakemake/st12_ref.fna --outdir /home/conrad/test-snakemake/A077-H36-15-04-2009 --cpus 8 A077-H36-15-04-2009
Waiting at most 5 seconds for missing files.
MissingOutputException in line 42 of /home/conrad/test-snakemake/Snakefile:
Job Missing files after 5 seconds:
/home/conrad/test-snakemake/A077-H138-28-05-2009
This might be due to filesystem latency. If that is the case, consider to increase the wait time with --latency-wait.
Job id: 2 completed successfully, but some output files are missing. 2
Waiting at most 5 seconds for missing files.
MissingOutputException in line 42 of /home/conrad/test-snakemake/Snakefile:
Job Missing files after 5 seconds:
/home/conrad/test-snakemake/A077-H138-28-05-2009
This might be due to filesystem latency. If that is the case, consider to increase the wait time with --latency-wait.
Job id: 2 completed successfully, but some output files are missing. 2
