Building DAG of jobs...
Using shell: /bin/bash
Provided cores: 1 (use --cores to define parallelism)
Rules claiming more threads will be scaled down.
Job stats:
job                count    min threads    max threads
---------------  -------  -------------  -------------
run_snippy_core        1              1              1
snippy_core            1              1              1
total                  2              1              1

Select jobs to execute...

[Sat Nov 13 23:18:11 2021]
rule snippy_core:
    input: /home/conrad/test-snakemake/raw-snippy-output/A077-H36-15-04-2009, /home/conrad/test-snakemake/raw-snippy-output/A077-H138-28-05-2009, /home/conrad/test-snakemake/raw-snippy-output/A077-H201-11-05-2009, /home/conrad/test-snakemake/raw-snippy-output/A013-H12-09-07-2003, /home/conrad/test-snakemake/raw-snippy-output/A077-H202-25-05-2009
    output: /home/conrad/test-snakemake/snippy-core/12.full.aln
    jobid: 1
    resources: tmpdir=/tmp

snippy-core --prefix /home/conrad/test-snakemake/snippy-core/12 --ref /home/conrad/test-snakemake/st12_ref.fna /home/conrad/test-snakemake/raw-snippy-output/A077-H36-15-04-2009 /home/conrad/test-snakemake/raw-snippy-output/A077-H138-28-05-2009 /home/conrad/test-snakemake/raw-snippy-output/A077-H201-11-05-2009 /home/conrad/test-snakemake/raw-snippy-output/A013-H12-09-07-2003 /home/conrad/test-snakemake/raw-snippy-output/A077-H202-25-05-2009
[Sat Nov 13 23:18:12 2021]
Finished job 1.
1 of 2 steps (50%) done
Select jobs to execute...

[Sat Nov 13 23:18:12 2021]
localrule run_snippy_core:
    input: /home/conrad/test-snakemake/snippy-core/12.full.aln
    jobid: 0
    resources: tmpdir=/tmp

[Sat Nov 13 23:18:12 2021]
Finished job 0.
2 of 2 steps (100%) done
Complete log: /home/conrad/test-snakemake/.snakemake/log/2021-11-13T231811.159933.snakemake.log
